Flow report for my_10bit_counter_top
Fri Sep 15 14:31:31 2023
Quartus Prime Version 22.1std.2 Build 922 07/20/2023 SC Lite Edition


---------------------
; Table of Contents ;
---------------------
  1. Legal Notice
  2. Flow Summary
  3. Flow Settings
  4. Flow Non-Default Global Settings
  5. Flow Elapsed Time
  6. Flow OS Summary
  7. Flow Log
  8. Flow Messages
  9. Flow Suppressed Messages



----------------
; Legal Notice ;
----------------
Copyright (C) 2023  Intel Corporation. All rights reserved.
Your use of Intel Corporation's design tools, logic functions 
and other software and tools, and any partner logic 
functions, and any output files from any of the foregoing 
(including device programming or simulation files), and any 
associated documentation or information are expressly subject 
to the terms and conditions of the Intel Program License 
Subscription Agreement, the Intel Quartus Prime License Agreement,
the Intel FPGA IP License Agreement, or other applicable license
agreement, including, without limitation, that your use is for
the sole purpose of programming logic devices manufactured by
Intel and sold by Intel or its authorized distributors.  Please
refer to the applicable agreement for further details, at
https://fpgasoftware.intel.com/eula.



+-------------------------------------------------------------------------------------+
; Flow Summary                                                                        ;
+------------------------------------+------------------------------------------------+
; Flow Status                        ; Successful - Fri Sep 15 14:31:31 2023          ;
; Quartus Prime Version              ; 22.1std.2 Build 922 07/20/2023 SC Lite Edition ;
; Revision Name                      ; my_10bit_counter_top                           ;
; Top-level Entity Name              ; my_10bit_counter_top                           ;
; Family                             ; MAX 10                                         ;
; Device                             ; 10M50DAF484C7G                                 ;
; Timing Models                      ; Final                                          ;
; Total logic elements               ; 45 / 49,760 ( < 1 % )                          ;
;     Total combinational functions  ; 45 / 49,760 ( < 1 % )                          ;
;     Dedicated logic registers      ; 35 / 49,760 ( < 1 % )                          ;
; Total registers                    ; 35                                             ;
; Total pins                         ; 13 / 360 ( 4 % )                               ;
; Total virtual pins                 ; 0                                              ;
; Total memory bits                  ; 0 / 1,677,312 ( 0 % )                          ;
; Embedded Multiplier 9-bit elements ; 0 / 288 ( 0 % )                                ;
; Total PLLs                         ; 0 / 4 ( 0 % )                                  ;
; UFM blocks                         ; 0 / 1 ( 0 % )                                  ;
; ADC blocks                         ; 0 / 2 ( 0 % )                                  ;
+------------------------------------+------------------------------------------------+


+------------------------------------------+
; Flow Settings                            ;
+-------------------+----------------------+
; Option            ; Setting              ;
+-------------------+----------------------+
; Start date & time ; 09/15/2023 14:30:24  ;
; Main task         ; Compilation          ;
; Revision Name     ; my_10bit_counter_top ;
+-------------------+----------------------+


+------------------------------------------------------------------------------------------------------------------------------------------------------------+
; Flow Non-Default Global Settings                                                                                                                           ;
+-------------------------------------+----------------------------------------+---------------+-------------------------+-----------------------------------+
; Assignment Name                     ; Value                                  ; Default Value ; Entity Name             ; Section Id                        ;
+-------------------------------------+----------------------------------------+---------------+-------------------------+-----------------------------------+
; COMPILER_SIGNATURE_ID               ; 121379793118.169480982300068           ; --            ; --                      ; --                                ;
; EDA_GENERATE_FUNCTIONAL_NETLIST     ; Off                                    ; --            ; --                      ; eda_board_design_timing           ;
; EDA_GENERATE_FUNCTIONAL_NETLIST     ; Off                                    ; --            ; --                      ; eda_board_design_boundary_scan    ;
; EDA_GENERATE_FUNCTIONAL_NETLIST     ; Off                                    ; --            ; --                      ; eda_board_design_signal_integrity ;
; EDA_GENERATE_FUNCTIONAL_NETLIST     ; Off                                    ; --            ; --                      ; eda_board_design_symbol           ;
; EDA_NETLIST_WRITER_OUTPUT_DIR       ; simulation/questa                      ; --            ; --                      ; eda_simulation                    ;
; EDA_OUTPUT_DATA_FORMAT              ; Vhdl                                   ; --            ; --                      ; eda_simulation                    ;
; EDA_SIMULATION_TOOL                 ; Questa Intel FPGA (VHDL)               ; <None>        ; --                      ; --                                ;
; EDA_TIME_SCALE                      ; 1 ps                                   ; --            ; --                      ; eda_simulation                    ;
; MAX_CORE_JUNCTION_TEMP              ; 85                                     ; --            ; --                      ; --                                ;
; MIN_CORE_JUNCTION_TEMP              ; 0                                      ; --            ; --                      ; --                                ;
; PARTITION_COLOR                     ; -- (Not supported for targeted family) ; --            ; DE10_LITE_10BIT_COUNTER ; Top                               ;
; PARTITION_COLOR                     ; -- (Not supported for targeted family) ; --            ; DE10_LITE_Golden_Top    ; Top                               ;
; PARTITION_COLOR                     ; -- (Not supported for targeted family) ; --            ; --                      ; Top                               ;
; PARTITION_COLOR                     ; -- (Not supported for targeted family) ; --            ; proj0_top               ; Top                               ;
; PARTITION_FITTER_PRESERVATION_LEVEL ; -- (Not supported for targeted family) ; --            ; DE10_LITE_10BIT_COUNTER ; Top                               ;
; PARTITION_FITTER_PRESERVATION_LEVEL ; -- (Not supported for targeted family) ; --            ; DE10_LITE_Golden_Top    ; Top                               ;
; PARTITION_FITTER_PRESERVATION_LEVEL ; -- (Not supported for targeted family) ; --            ; --                      ; Top                               ;
; PARTITION_FITTER_PRESERVATION_LEVEL ; -- (Not supported for targeted family) ; --            ; proj0_top               ; Top                               ;
; PARTITION_NETLIST_TYPE              ; -- (Not supported for targeted family) ; --            ; DE10_LITE_10BIT_COUNTER ; Top                               ;
; PARTITION_NETLIST_TYPE              ; -- (Not supported for targeted family) ; --            ; DE10_LITE_Golden_Top    ; Top                               ;
; PARTITION_NETLIST_TYPE              ; -- (Not supported for targeted family) ; --            ; --                      ; Top                               ;
; PARTITION_NETLIST_TYPE              ; -- (Not supported for targeted family) ; --            ; proj0_top               ; Top                               ;
; POWER_BOARD_THERMAL_MODEL           ; None (CONSERVATIVE)                    ; --            ; --                      ; --                                ;
; POWER_PRESET_COOLING_SOLUTION       ; 23 MM HEAT SINK WITH 200 LFPM AIRFLOW  ; --            ; --                      ; --                                ;
; PROJECT_OUTPUT_DIRECTORY            ; output_files                           ; --            ; --                      ; --                                ;
+-------------------------------------+----------------------------------------+---------------+-------------------------+-----------------------------------+


+--------------------------------------------------------------------------------------------------------------------------+
; Flow Elapsed Time                                                                                                        ;
+----------------------+--------------+-------------------------+---------------------+------------------------------------+
; Module Name          ; Elapsed Time ; Average Processors Used ; Peak Virtual Memory ; Total CPU Time (on all processors) ;
+----------------------+--------------+-------------------------+---------------------+------------------------------------+
; Analysis & Synthesis ; 00:00:32     ; 1.0                     ; 4807 MB             ; 00:00:33                           ;
; Fitter               ; 00:00:18     ; 1.0                     ; 5641 MB             ; 00:00:21                           ;
; Assembler            ; 00:00:06     ; 1.0                     ; 4716 MB             ; 00:00:05                           ;
; Timing Analyzer      ; 00:00:05     ; 1.0                     ; 4847 MB             ; 00:00:04                           ;
; EDA Netlist Writer   ; 00:00:02     ; 1.0                     ; 4645 MB             ; 00:00:01                           ;
; Total                ; 00:01:03     ; --                      ; --                  ; 00:01:04                           ;
+----------------------+--------------+-------------------------+---------------------+------------------------------------+


+------------------------------------------------------------------------------------+
; Flow OS Summary                                                                    ;
+----------------------+------------------+------------+------------+----------------+
; Module Name          ; Machine Hostname ; OS Name    ; OS Version ; Processor type ;
+----------------------+------------------+------------+------------+----------------+
; Analysis & Synthesis ; BRUNOHENRIQA0C3  ; Windows 10 ; 10.0       ; x86_64         ;
; Fitter               ; BRUNOHENRIQA0C3  ; Windows 10 ; 10.0       ; x86_64         ;
; Assembler            ; BRUNOHENRIQA0C3  ; Windows 10 ; 10.0       ; x86_64         ;
; Timing Analyzer      ; BRUNOHENRIQA0C3  ; Windows 10 ; 10.0       ; x86_64         ;
; EDA Netlist Writer   ; BRUNOHENRIQA0C3  ; Windows 10 ; 10.0       ; x86_64         ;
+----------------------+------------------+------------+------------+----------------+


------------
; Flow Log ;
------------
quartus_map --read_settings_files=on --write_settings_files=off my_10bit_counter -c my_10bit_counter_top
quartus_fit --read_settings_files=off --write_settings_files=off my_10bit_counter -c my_10bit_counter_top
quartus_asm --read_settings_files=off --write_settings_files=off my_10bit_counter -c my_10bit_counter_top
quartus_sta my_10bit_counter -c my_10bit_counter_top
quartus_eda --read_settings_files=off --write_settings_files=off my_10bit_counter -c my_10bit_counter_top



